<?xml version="1.0" encoding="UTF-8"?>
<!-- Generated by org.testng.reporters.JUnitReportReporter -->
<testsuite skipped="0" hostname="vm-etp-dfe-soln" name="denodoproject.test001GET" tests="3" failures="0" timestamp="2022-12-14T14:38:48 UTC" time="28.713" errors="0">
  <testcase name="test001" time="6.246" classname="denodoproject.test001GET"/>
  <system-out/>
  <testcase name="createProperties" time="13.259" classname="denodoproject.test001GET"/>
  <system-out/>
  <testcase name="test002" time="9.208" classname="denodoproject.test001GET"/>
  <system-out/>
</testsuite> <!-- denodoproject.test001GET -->
