<?xml version="1.0" encoding="UTF-8"?>
<!-- Generated by org.testng.reporters.JUnitReportReporter -->
<testsuite hostname="THBSGVLPT-0847" failures="0" tests="3" name="denodoproject.test001GET" time="17.876" errors="0" timestamp="2022-10-20T22:36:50 IST" skipped="0">
  <testcase classname="denodoproject.test001GET" name="createProperties" time="8.927"/>
  <system-out/>
  <testcase classname="denodoproject.test001GET" name="test001" time="6.222"/>
  <system-out/>
  <testcase classname="denodoproject.test001GET" name="test002" time="2.727"/>
  <system-out/>
</testsuite> <!-- denodoproject.test001GET -->
